# JRE version: Java(TM) SE Runtime Environment (8.0_101-b13) (build 1.8.0_101-b13)
# Java VM: Java HotSpot(TM) 64-Bit Server VM (25.101-b13 mixed mode linux-amd64 compressed oops)
Heap:
 PSYoungGen      total 629248K, used 0K [0x0000000780000000, 0x00000007c0000000, 0x00000007c0000000)
  eden space 545280K, 0% used [0x0000000780000000,0x0000000780000000,0x00000007a1480000)
  from space 83968K, 0% used [0x00000007a1480000,0x00000007a1480000,0x00000007a6680000)
  to   space 254976K, 0% used [0x00000007b0700000,0x00000007b0700000,0x00000007c0000000)
 ParOldGen       total 656896K, used 623117K [0x0000000700000000, 0x0000000728180000, 0x0000000780000000)
  object space 656896K, 94% used [0x0000000700000000,0x0000000726083558,0x0000000728180000)
 Metaspace       used 181962K, capacity 188199K, committed 190880K, reserved 1210368K
  class space    used 25903K, capacity 29801K, committed 30976K, reserved 1048576K
GC Heap History (10 events):
Event: 273.205 GC heap after
Heap after GC invocations=102 (full 11):
 PSYoungGen      total 759296K, used 175980K [0x0000000780000000, 0x00000007c0000000, 0x00000007c0000000)
  eden space 505344K, 0% used [0x0000000780000000,0x0000000780000000,0x000000079ed80000)
  from space 253952K, 69% used [0x000000079ed80000,0x00000007a995b068,0x00000007ae580000)
  to   space 252416K, 0% used [0x00000007b0980000,0x00000007b0980000,0x00000007c0000000)
 ParOldGen       total 656896K, used 523813K [0x0000000700000000, 0x0000000728180000, 0x0000000780000000)
  object space 656896K, 79% used [0x0000000700000000,0x000000071ff89588,0x0000000728180000)
 Metaspace       used 180625K, capacity 187405K, committed 188704K, reserved 1208320K
  class space    used 25732K, capacity 29968K, committed 30848K, reserved 1048576K
}
Event: 294.994 GC heap before
{Heap before GC invocations=103 (full 11):
 PSYoungGen      total 759296K, used 677648K [0x0000000780000000, 0x00000007c0000000, 0x00000007c0000000)
  eden space 505344K, 99% used [0x0000000780000000,0x000000079e9e9030,0x000000079ed80000)
  from space 253952K, 69% used [0x000000079ed80000,0x00000007a995b068,0x00000007ae580000)
  to   space 252416K, 0% used [0x00000007b0980000,0x00000007b0980000,0x00000007c0000000)
 ParOldGen       total 656896K, used 523813K [0x0000000700000000, 0x0000000728180000, 0x0000000780000000)
  object space 656896K, 79% used [0x0000000700000000,0x000000071ff89588,0x0000000728180000)
 Metaspace       used 182097K, capacity 189055K, committed 189856K, reserved 1208320K
  class space    used 26011K, capacity 30297K, committed 30976K, reserved 1048576K
Event: 295.282 GC heap after
Heap after GC invocations=103 (full 11):
 PSYoungGen      total 783872K, used 181100K [0x0000000780000000, 0x00000007bf980000, 0x00000007c0000000)
  eden space 538112K, 0% used [0x0000000780000000,0x0000000780000000,0x00000007a0d80000)
  from space 245760K, 73% used [0x00000007b0980000,0x00000007bba5b1b0,0x00000007bf980000)
  to   space 251904K, 0% used [0x00000007a0d80000,0x00000007a0d80000,0x00000007b0380000)
 ParOldGen       total 656896K, used 523821K [0x0000000700000000, 0x0000000728180000, 0x0000000780000000)
  object space 656896K, 79% used [0x0000000700000000,0x000000071ff8b588,0x0000000728180000)
 Metaspace       used 182097K, capacity 189055K, committed 189856K, reserved 1208320K
  class space    used 26011K, capacity 30297K, committed 30976K, reserved 1048576K
}
Event: 301.700 GC heap before
{Heap before GC invocations=104 (full 11):
 PSYoungGen      total 783872K, used 715623K [0x0000000780000000, 0x00000007bf980000, 0x00000007c0000000)
  eden space 538112K, 99% used [0x0000000780000000,0x00000007a09febc8,0x00000007a0d80000)
  from space 245760K, 73% used [0x00000007b0980000,0x00000007bba5b1b0,0x00000007bf980000)
  to   space 251904K, 0% used [0x00000007a0d80000,0x00000007a0d80000,0x00000007b0380000)
 ParOldGen       total 656896K, used 523821K [0x0000000700000000, 0x0000000728180000, 0x0000000780000000)
  object space 656896K, 79% used [0x0000000700000000,0x000000071ff8b588,0x0000000728180000)
 Metaspace       used 182478K, capacity 189467K, committed 190112K, reserved 1208320K
  class space    used 26064K, capacity 30413K, committed 30976K, reserved 1048576K
Event: 301.927 GC heap after
Heap after GC invocations=104 (full 11):
 PSYoungGen      total 790016K, used 181174K [0x0000000780000000, 0x00000007c0000000, 0x00000007c0000000)
  eden space 538112K, 0% used [0x0000000780000000,0x0000000780000000,0x00000007a0d80000)
  from space 251904K, 71% used [0x00000007a0d80000,0x00000007abe6db18,0x00000007b0380000)
  to   space 251392K, 0% used [0x00000007b0a80000,0x00000007b0a80000,0x00000007c0000000)
 ParOldGen       total 656896K, used 523853K [0x0000000700000000, 0x0000000728180000, 0x0000000780000000)
  object space 656896K, 79% used [0x0000000700000000,0x000000071ff93588,0x0000000728180000)
 Metaspace       used 182478K, capacity 189467K, committed 190112K, reserved 1208320K
  class space    used 26064K, capacity 30413K, committed 30976K, reserved 1048576K
}
Event: 313.910 GC heap before
{Heap before GC invocations=105 (full 11):
 PSYoungGen      total 790016K, used 716839K [0x0000000780000000, 0x00000007c0000000, 0x00000007c0000000)
  eden space 538112K, 99% used [0x0000000780000000,0x00000007a0b1c2f0,0x00000007a0d80000)
  from space 251904K, 71% used [0x00000007a0d80000,0x00000007abe6db18,0x00000007b0380000)
  to   space 251392K, 0% used [0x00000007b0a80000,0x00000007b0a80000,0x00000007c0000000)
 ParOldGen       total 656896K, used 523853K [0x0000000700000000, 0x0000000728180000, 0x0000000780000000)
  object space 656896K, 79% used [0x0000000700000000,0x000000071ff93588,0x0000000728180000)
 Metaspace       used 182726K, capacity 189939K, committed 190624K, reserved 1210368K
  class space    used 26094K, capacity 30540K, committed 30976K, reserved 1048576K
Event: 314.125 GC heap after
Heap after GC invocations=105 (full 11):
 PSYoungGen      total 794112K, used 181559K [0x0000000780000000, 0x00000007bfd80000, 0x00000007c0000000)
  eden space 545280K, 0% used [0x0000000780000000,0x0000000780000000,0x00000007a1480000)
  from space 248832K, 72% used [0x00000007b0a80000,0x00000007bbbcdc58,0x00000007bfd80000)
  to   space 250368K, 0% used [0x00000007a1480000,0x00000007a1480000,0x00000007b0900000)
 ParOldGen       total 656896K, used 523853K [0x0000000700000000, 0x0000000728180000, 0x0000000780000000)
  object space 656896K, 79% used [0x0000000700000000,0x000000071ff93588,0x0000000728180000)
 Metaspace       used 182726K, capacity 189939K, committed 190624K, reserved 1210368K
  class space    used 26094K, capacity 30540K, committed 30976K, reserved 1048576K
}
Event: 320.937 GC heap before
{Heap before GC invocations=106 (full 11):
 PSYoungGen      total 794112K, used 722976K [0x0000000780000000, 0x00000007bfd80000, 0x00000007c0000000)
  eden space 545280K, 99% used [0x0000000780000000,0x00000007a10ba600,0x00000007a1480000)
  from space 248832K, 72% used [0x00000007b0a80000,0x00000007bbbcdc58,0x00000007bfd80000)
  to   space 250368K, 0% used [0x00000007a1480000,0x00000007a1480000,0x00000007b0900000)
 ParOldGen       total 656896K, used 523853K [0x0000000700000000, 0x0000000728180000, 0x0000000780000000)
  object space 656896K, 79% used [0x0000000700000000,0x000000071ff93588,0x0000000728180000)
 Metaspace       used 183035K, capacity 190295K, committed 190880K, reserved 1210368K
  class space    used 26116K, capacity 30572K, committed 30976K, reserved 1048576K
Event: 332.393 GC heap after
Heap after GC invocations=106 (full 11):
 PSYoungGen      total 629248K, used 83468K [0x0000000780000000, 0x00000007c0000000, 0x00000007c0000000)
  eden space 545280K, 0% used [0x0000000780000000,0x0000000780000000,0x00000007a1480000)
  from space 83968K, 99% used [0x00000007a1480000,0x00000007a66033a8,0x00000007a6680000)
  to   space 254976K, 0% used [0x00000007b0700000,0x00000007b0700000,0x00000007c0000000)
 ParOldGen       total 656896K, used 628767K [0x0000000700000000, 0x0000000728180000, 0x0000000780000000)
  object space 656896K, 95% used [0x0000000700000000,0x0000000726607d78,0x0000000728180000)
 Metaspace       used 183035K, capacity 190295K, committed 190880K, reserved 1210368K
  class space    used 26116K, capacity 30572K, committed 30976K, reserved 1048576K
}
Event: 332.547 GC heap before
{Heap before GC invocations=107 (full 12):
 PSYoungGen      total 629248K, used 83468K [0x0000000780000000, 0x00000007c0000000, 0x00000007c0000000)
  eden space 545280K, 0% used [0x0000000780000000,0x0000000780000000,0x00000007a1480000)
  from space 83968K, 99% used [0x00000007a1480000,0x00000007a66033a8,0x00000007a6680000)
  to   space 254976K, 0% used [0x00000007b0700000,0x00000007b0700000,0x00000007c0000000)
 ParOldGen       total 656896K, used 628767K [0x0000000700000000, 0x0000000728180000, 0x0000000780000000)
  object space 656896K, 95% used [0x0000000700000000,0x0000000726607d78,0x0000000728180000)
 Metaspace       used 183035K, capacity 190295K, committed 190880K, reserved 1210368K
  class space    used 26116K, capacity 30572K, committed 30976K, reserved 1048576K

