# JRE version: Java(TM) SE Runtime Environment (8.0_101-b13) (build 1.8.0_101-b13)
# Java VM: Java HotSpot(TM) 64-Bit Server VM (25.101-b13 mixed mode linux-amd64 compressed oops)
Heap:
 PSYoungGen      total 774656K, used 0K [0x0000000780000000, 0x00000007c0000000, 0x00000007c0000000)
  eden space 500736K, 0% used [0x0000000780000000,0x0000000780000000,0x000000079e900000)
  from space 273920K, 0% used [0x000000079e900000,0x000000079e900000,0x00000007af480000)
  to   space 271360K, 0% used [0x00000007af700000,0x00000007af700000,0x00000007c0000000)
 ParOldGen       total 508928K, used 342477K [0x0000000700000000, 0x000000071f100000, 0x0000000780000000)
  object space 508928K, 67% used [0x0000000700000000,0x0000000714e73760,0x000000071f100000)
 Metaspace       used 175607K, capacity 181527K, committed 185200K, reserved 1204224K
  class space    used 24958K, capacity 28793K, committed 30592K, reserved 1048576K
GC Heap History (10 events):
Event: 193.185 GC heap after
Heap after GC invocations=51 (full 7):
 PSYoungGen      total 799744K, used 121833K [0x0000000780000000, 0x00000007c0000000, 0x00000007c0000000)
  eden space 677888K, 0% used [0x0000000780000000,0x0000000780000000,0x00000007a9600000)
  from space 121856K, 99% used [0x00000007b8900000,0x00000007bfffa418,0x00000007c0000000)
  to   space 185344K, 0% used [0x00000007a9600000,0x00000007a9600000,0x00000007b4b00000)
 ParOldGen       total 453120K, used 452427K [0x0000000700000000, 0x000000071ba80000, 0x0000000780000000)
  object space 453120K, 99% used [0x0000000700000000,0x000000071b9d2de8,0x000000071ba80000)
 Metaspace       used 175601K, capacity 181545K, committed 185200K, reserved 1204224K
  class space    used 24960K, capacity 28796K, committed 30592K, reserved 1048576K
}
Event: 193.257 GC heap before
{Heap before GC invocations=52 (full 8):
 PSYoungGen      total 799744K, used 121833K [0x0000000780000000, 0x00000007c0000000, 0x00000007c0000000)
  eden space 677888K, 0% used [0x0000000780000000,0x0000000780000000,0x00000007a9600000)
  from space 121856K, 99% used [0x00000007b8900000,0x00000007bfffa418,0x00000007c0000000)
  to   space 185344K, 0% used [0x00000007a9600000,0x00000007a9600000,0x00000007b4b00000)
 ParOldGen       total 453120K, used 452427K [0x0000000700000000, 0x000000071ba80000, 0x0000000780000000)
  object space 453120K, 99% used [0x0000000700000000,0x000000071b9d2de8,0x000000071ba80000)
 Metaspace       used 175601K, capacity 181545K, committed 185200K, reserved 1204224K
  class space    used 24960K, capacity 28796K, committed 30592K, reserved 1048576K
Event: 195.853 GC heap after
Heap after GC invocations=52 (full 8):
 PSYoungGen      total 799744K, used 0K [0x0000000780000000, 0x00000007c0000000, 0x00000007c0000000)
  eden space 677888K, 0% used [0x0000000780000000,0x0000000780000000,0x00000007a9600000)
  from space 121856K, 0% used [0x00000007b8900000,0x00000007b8900000,0x00000007c0000000)
  to   space 185344K, 0% used [0x00000007a9600000,0x00000007a9600000,0x00000007b4b00000)
 ParOldGen       total 500224K, used 243622K [0x0000000700000000, 0x000000071e880000, 0x0000000780000000)
  object space 500224K, 48% used [0x0000000700000000,0x000000070ede9b90,0x000000071e880000)
 Metaspace       used 175590K, capacity 181527K, committed 185200K, reserved 1204224K
  class space    used 24958K, capacity 28793K, committed 30592K, reserved 1048576K
}
Event: 197.178 GC heap before
{Heap before GC invocations=53 (full 8):
 PSYoungGen      total 799744K, used 677456K [0x0000000780000000, 0x00000007c0000000, 0x00000007c0000000)
  eden space 677888K, 99% used [0x0000000780000000,0x00000007a95940b8,0x00000007a9600000)
  from space 121856K, 0% used [0x00000007b8900000,0x00000007b8900000,0x00000007c0000000)
  to   space 185344K, 0% used [0x00000007a9600000,0x00000007a9600000,0x00000007b4b00000)
 ParOldGen       total 500224K, used 243622K [0x0000000700000000, 0x000000071e880000, 0x0000000780000000)
  object space 500224K, 48% used [0x0000000700000000,0x000000070ede9b90,0x000000071e880000)
 Metaspace       used 175594K, capacity 181527K, committed 185200K, reserved 1204224K
  class space    used 24958K, capacity 28793K, committed 30592K, reserved 1048576K
Event: 197.365 GC heap after
Heap after GC invocations=53 (full 8):
 PSYoungGen      total 861184K, used 183275K [0x0000000780000000, 0x00000007c0000000, 0x00000007c0000000)
  eden space 677888K, 0% used [0x0000000780000000,0x0000000780000000,0x00000007a9600000)
  from space 183296K, 99% used [0x00000007a9600000,0x00000007b48fac88,0x00000007b4900000)
  to   space 187392K, 0% used [0x00000007b4900000,0x00000007b4900000,0x00000007c0000000)
 ParOldGen       total 500224K, used 243630K [0x0000000700000000, 0x000000071e880000, 0x0000000780000000)
  object space 500224K, 48% used [0x0000000700000000,0x000000070edebb90,0x000000071e880000)
 Metaspace       used 175594K, capacity 181527K, committed 185200K, reserved 1204224K
  class space    used 24958K, capacity 28793K, committed 30592K, reserved 1048576K
}
Event: 205.879 GC heap before
{Heap before GC invocations=54 (full 8):
 PSYoungGen      total 861184K, used 861163K [0x0000000780000000, 0x00000007c0000000, 0x00000007c0000000)
  eden space 677888K, 100% used [0x0000000780000000,0x00000007a9600000,0x00000007a9600000)
  from space 183296K, 99% used [0x00000007a9600000,0x00000007b48fac88,0x00000007b4900000)
  to   space 187392K, 0% used [0x00000007b4900000,0x00000007b4900000,0x00000007c0000000)
 ParOldGen       total 500224K, used 243630K [0x0000000700000000, 0x000000071e880000, 0x0000000780000000)
  object space 500224K, 48% used [0x0000000700000000,0x000000070edebb90,0x000000071e880000)
 Metaspace       used 175611K, capacity 181533K, committed 185200K, reserved 1204224K
  class space    used 24958K, capacity 28794K, committed 30592K, reserved 1048576K
Event: 206.359 GC heap after
Heap after GC invocations=54 (full 8):
 PSYoungGen      total 688128K, used 187372K [0x0000000780000000, 0x00000007c0000000, 0x00000007c0000000)
  eden space 500736K, 0% used [0x0000000780000000,0x0000000780000000,0x000000079e900000)
  from space 187392K, 99% used [0x00000007b4900000,0x00000007bfffb330,0x00000007c0000000)
  to   space 273920K, 0% used [0x000000079e900000,0x000000079e900000,0x00000007af480000)
 ParOldGen       total 500224K, used 330128K [0x0000000700000000, 0x000000071e880000, 0x0000000780000000)
  object space 500224K, 65% used [0x0000000700000000,0x00000007142643e8,0x000000071e880000)
 Metaspace       used 175611K, capacity 181533K, committed 185200K, reserved 1204224K
  class space    used 24958K, capacity 28794K, committed 30592K, reserved 1048576K
}
Event: 206.950 GC heap before
{Heap before GC invocations=55 (full 8):
 PSYoungGen      total 688128K, used 688108K [0x0000000780000000, 0x00000007c0000000, 0x00000007c0000000)
  eden space 500736K, 100% used [0x0000000780000000,0x000000079e900000,0x000000079e900000)
  from space 187392K, 99% used [0x00000007b4900000,0x00000007bfffb330,0x00000007c0000000)
  to   space 273920K, 0% used [0x000000079e900000,0x000000079e900000,0x00000007af480000)
 ParOldGen       total 500224K, used 330128K [0x0000000700000000, 0x000000071e880000, 0x0000000780000000)
  object space 500224K, 65% used [0x0000000700000000,0x00000007142643e8,0x000000071e880000)
 Metaspace       used 175611K, capacity 181533K, committed 185200K, reserved 1204224K
  class space    used 24958K, capacity 28794K, committed 30592K, reserved 1048576K
Event: 208.062 GC heap after
Heap after GC invocations=55 (full 8):
 PSYoungGen      total 774656K, used 11878K [0x0000000780000000, 0x00000007c0000000, 0x00000007c0000000)
  eden space 500736K, 0% used [0x0000000780000000,0x0000000780000000,0x000000079e900000)
  from space 273920K, 4% used [0x000000079e900000,0x000000079f499a90,0x00000007af480000)
  to   space 271360K, 0% used [0x00000007af700000,0x00000007af700000,0x00000007c0000000)
 ParOldGen       total 508928K, used 508872K [0x0000000700000000, 0x000000071f100000, 0x0000000780000000)
  object space 508928K, 99% used [0x0000000700000000,0x000000071f0f23c0,0x000000071f100000)
 Metaspace       used 175611K, capacity 181533K, committed 185200K, reserved 1204224K
  class space    used 24958K, capacity 28794K, committed 30592K, reserved 1048576K
}
Event: 208.062 GC heap before
{Heap before GC invocations=56 (full 9):
 PSYoungGen      total 774656K, used 11878K [0x0000000780000000, 0x00000007c0000000, 0x00000007c0000000)
  eden space 500736K, 0% used [0x0000000780000000,0x0000000780000000,0x000000079e900000)
  from space 273920K, 4% used [0x000000079e900000,0x000000079f499a90,0x00000007af480000)
  to   space 271360K, 0% used [0x00000007af700000,0x00000007af700000,0x00000007c0000000)
 ParOldGen       total 508928K, used 508872K [0x0000000700000000, 0x000000071f100000, 0x0000000780000000)
  object space 508928K, 99% used [0x0000000700000000,0x000000071f0f23c0,0x000000071f100000)
 Metaspace       used 175611K, capacity 181533K, committed 185200K, reserved 1204224K
  class space    used 24958K, capacity 28794K, committed 30592K, reserved 1048576K

