# JRE version: Java(TM) SE Runtime Environment (8.0_101-b13) (build 1.8.0_101-b13)
# Java VM: Java HotSpot(TM) 64-Bit Server VM (25.101-b13 mixed mode linux-amd64 compressed oops)
Heap:
 PSYoungGen      total 740352K, used 0K [0x0000000780000000, 0x00000007c0000000, 0x00000007c0000000)
  eden space 478208K, 0% used [0x0000000780000000,0x0000000780000000,0x000000079d300000)
  from space 262144K, 0% used [0x000000079d300000,0x000000079d300000,0x00000007ad300000)
  to   space 273408K, 0% used [0x00000007af500000,0x00000007af500000,0x00000007c0000000)
 ParOldGen       total 676352K, used 568877K [0x0000000700000000, 0x0000000729480000, 0x0000000780000000)
  object space 676352K, 84% used [0x0000000700000000,0x0000000722b8b798,0x0000000729480000)
 Metaspace       used 178613K, capacity 184695K, committed 187760K, reserved 1206272K
  class space    used 25387K, capacity 29263K, committed 30848K, reserved 1048576K
GC Heap History (10 events):
Event: 263.391 GC heap after
Heap after GC invocations=92 (full 11):
 PSYoungGen      total 691712K, used 152762K [0x0000000780000000, 0x00000007bdc00000, 0x00000007c0000000)
  eden space 387584K, 0% used [0x0000000780000000,0x0000000780000000,0x0000000797a80000)
  from space 304128K, 50% used [0x0000000797a80000,0x00000007a0fae8f0,0x00000007aa380000)
  to   space 291328K, 0% used [0x00000007abf80000,0x00000007abf80000,0x00000007bdc00000)
 ParOldGen       total 676352K, used 487091K [0x0000000700000000, 0x0000000729480000, 0x0000000780000000)
  object space 676352K, 72% used [0x0000000700000000,0x000000071dbacf70,0x0000000729480000)
 Metaspace       used 179289K, capacity 186063K, committed 187760K, reserved 1206272K
  class space    used 25516K, capacity 29763K, committed 30848K, reserved 1048576K
}
Event: 263.945 GC heap before
{Heap before GC invocations=93 (full 11):
 PSYoungGen      total 691712K, used 540346K [0x0000000780000000, 0x00000007bdc00000, 0x00000007c0000000)
  eden space 387584K, 100% used [0x0000000780000000,0x0000000797a80000,0x0000000797a80000)
  from space 304128K, 50% used [0x0000000797a80000,0x00000007a0fae8f0,0x00000007aa380000)
  to   space 291328K, 0% used [0x00000007abf80000,0x00000007abf80000,0x00000007bdc00000)
 ParOldGen       total 676352K, used 487091K [0x0000000700000000, 0x0000000729480000, 0x0000000780000000)
  object space 676352K, 72% used [0x0000000700000000,0x000000071dbacf70,0x0000000729480000)
 Metaspace       used 179289K, capacity 186063K, committed 187760K, reserved 1206272K
  class space    used 25516K, capacity 29763K, committed 30848K, reserved 1048576K
Event: 264.129 GC heap after
Heap after GC invocations=93 (full 11):
 PSYoungGen      total 701952K, used 150120K [0x0000000780000000, 0x00000007bc800000, 0x00000007c0000000)
  eden space 431104K, 0% used [0x0000000780000000,0x0000000780000000,0x000000079a500000)
  from space 270848K, 55% used [0x00000007abf80000,0x00000007b521a3f0,0x00000007bc800000)
  to   space 280064K, 0% used [0x000000079a500000,0x000000079a500000,0x00000007ab680000)
 ParOldGen       total 676352K, used 490402K [0x0000000700000000, 0x0000000729480000, 0x0000000780000000)
  object space 676352K, 72% used [0x0000000700000000,0x000000071dee8a18,0x0000000729480000)
 Metaspace       used 179289K, capacity 186063K, committed 187760K, reserved 1206272K
  class space    used 25516K, capacity 29763K, committed 30848K, reserved 1048576K
}
Event: 264.637 GC heap before
{Heap before GC invocations=94 (full 11):
 PSYoungGen      total 701952K, used 581224K [0x0000000780000000, 0x00000007bc800000, 0x00000007c0000000)
  eden space 431104K, 100% used [0x0000000780000000,0x000000079a500000,0x000000079a500000)
  from space 270848K, 55% used [0x00000007abf80000,0x00000007b521a3f0,0x00000007bc800000)
  to   space 280064K, 0% used [0x000000079a500000,0x000000079a500000,0x00000007ab680000)
 ParOldGen       total 676352K, used 490402K [0x0000000700000000, 0x0000000729480000, 0x0000000780000000)
  object space 676352K, 72% used [0x0000000700000000,0x000000071dee8a18,0x0000000729480000)
 Metaspace       used 179289K, capacity 186063K, committed 187760K, reserved 1206272K
  class space    used 25516K, capacity 29763K, committed 30848K, reserved 1048576K
Event: 264.774 GC heap after
Heap after GC invocations=94 (full 11):
 PSYoungGen      total 711168K, used 151640K [0x0000000780000000, 0x00000007be200000, 0x00000007c0000000)
  eden space 431104K, 0% used [0x0000000780000000,0x0000000780000000,0x000000079a500000)
  from space 280064K, 54% used [0x000000079a500000,0x00000007a39163f0,0x00000007ab680000)
  to   space 268800K, 0% used [0x00000007adb80000,0x00000007adb80000,0x00000007be200000)
 ParOldGen       total 676352K, used 490602K [0x0000000700000000, 0x0000000729480000, 0x0000000780000000)
  object space 676352K, 72% used [0x0000000700000000,0x000000071df1aa28,0x0000000729480000)
 Metaspace       used 179289K, capacity 186063K, committed 187760K, reserved 1206272K
  class space    used 25516K, capacity 29763K, committed 30848K, reserved 1048576K
}
Event: 266.106 GC heap before
{Heap before GC invocations=95 (full 11):
 PSYoungGen      total 711168K, used 582744K [0x0000000780000000, 0x00000007be200000, 0x00000007c0000000)
  eden space 431104K, 100% used [0x0000000780000000,0x000000079a500000,0x000000079a500000)
  from space 280064K, 54% used [0x000000079a500000,0x00000007a39163f0,0x00000007ab680000)
  to   space 268800K, 0% used [0x00000007adb80000,0x00000007adb80000,0x00000007be200000)
 ParOldGen       total 676352K, used 490602K [0x0000000700000000, 0x0000000729480000, 0x0000000780000000)
  object space 676352K, 72% used [0x0000000700000000,0x000000071df1aa28,0x0000000729480000)
 Metaspace       used 179302K, capacity 186063K, committed 187760K, reserved 1206272K
  class space    used 25516K, capacity 29763K, committed 30848K, reserved 1048576K
Event: 266.284 GC heap after
Heap after GC invocations=95 (full 11):
 PSYoungGen      total 731648K, used 132280K [0x0000000780000000, 0x00000007bd300000, 0x00000007c0000000)
  eden space 478208K, 0% used [0x0000000780000000,0x0000000780000000,0x000000079d300000)
  from space 253440K, 52% used [0x00000007adb80000,0x00000007b5cae330,0x00000007bd300000)
  to   space 262144K, 0% used [0x000000079d300000,0x000000079d300000,0x00000007ad300000)
 ParOldGen       total 676352K, used 490626K [0x0000000700000000, 0x0000000729480000, 0x0000000780000000)
  object space 676352K, 72% used [0x0000000700000000,0x000000071df20a28,0x0000000729480000)
 Metaspace       used 179302K, capacity 186063K, committed 187760K, reserved 1206272K
  class space    used 25516K, capacity 29763K, committed 30848K, reserved 1048576K
}
Event: 267.741 GC heap before
{Heap before GC invocations=96 (full 11):
 PSYoungGen      total 731648K, used 610488K [0x0000000780000000, 0x00000007bd300000, 0x00000007c0000000)
  eden space 478208K, 100% used [0x0000000780000000,0x000000079d300000,0x000000079d300000)
  from space 253440K, 52% used [0x00000007adb80000,0x00000007b5cae330,0x00000007bd300000)
  to   space 262144K, 0% used [0x000000079d300000,0x000000079d300000,0x00000007ad300000)
 ParOldGen       total 676352K, used 490626K [0x0000000700000000, 0x0000000729480000, 0x0000000780000000)
  object space 676352K, 72% used [0x0000000700000000,0x000000071df20a28,0x0000000729480000)
 Metaspace       used 179303K, capacity 186063K, committed 187760K, reserved 1206272K
  class space    used 25516K, capacity 29763K, committed 30848K, reserved 1048576K
Event: 267.991 GC heap after
Heap after GC invocations=96 (full 11):
 PSYoungGen      total 740352K, used 28806K [0x0000000780000000, 0x00000007c0000000, 0x00000007c0000000)
  eden space 478208K, 0% used [0x0000000780000000,0x0000000780000000,0x000000079d300000)
  from space 262144K, 10% used [0x000000079d300000,0x000000079ef21b30,0x00000007ad300000)
  to   space 273408K, 0% used [0x00000007af500000,0x00000007af500000,0x00000007c0000000)
 ParOldGen       total 676352K, used 597207K [0x0000000700000000, 0x0000000729480000, 0x0000000780000000)
  object space 676352K, 88% used [0x0000000700000000,0x0000000724735c20,0x0000000729480000)
 Metaspace       used 179303K, capacity 186063K, committed 187760K, reserved 1206272K
  class space    used 25516K, capacity 29763K, committed 30848K, reserved 1048576K
}
Event: 268.005 GC heap before
{Heap before GC invocations=97 (full 12):
 PSYoungGen      total 740352K, used 28806K [0x0000000780000000, 0x00000007c0000000, 0x00000007c0000000)
  eden space 478208K, 0% used [0x0000000780000000,0x0000000780000000,0x000000079d300000)
  from space 262144K, 10% used [0x000000079d300000,0x000000079ef21b30,0x00000007ad300000)
  to   space 273408K, 0% used [0x00000007af500000,0x00000007af500000,0x00000007c0000000)
 ParOldGen       total 676352K, used 597207K [0x0000000700000000, 0x0000000729480000, 0x0000000780000000)
  object space 676352K, 88% used [0x0000000700000000,0x0000000724735c20,0x0000000729480000)
 Metaspace       used 179303K, capacity 186063K, committed 187760K, reserved 1206272K
  class space    used 25516K, capacity 29763K, committed 30848K, reserved 1048576K

