# JRE version: Java(TM) SE Runtime Environment (8.0_101-b13) (build 1.8.0_101-b13)
# Java VM: Java HotSpot(TM) 64-Bit Server VM (25.101-b13 mixed mode linux-amd64 compressed oops)
Heap:
 PSYoungGen      total 897024K, used 0K [0x0000000780000000, 0x00000007c0000000, 0x00000007c0000000)
  eden space 745472K, 0% used [0x0000000780000000,0x0000000780000000,0x00000007ad800000)
  from space 151552K, 0% used [0x00000007ad800000,0x00000007ad800000,0x00000007b6c00000)
  to   space 151552K, 0% used [0x00000007b6c00000,0x00000007b6c00000,0x00000007c0000000)
 ParOldGen       total 477696K, used 343867K [0x0000000700000000, 0x000000071d280000, 0x0000000780000000)
  object space 477696K, 71% used [0x0000000700000000,0x0000000714fcefd0,0x000000071d280000)
 Metaspace       used 175768K, capacity 181687K, committed 185456K, reserved 1204224K
  class space    used 24948K, capacity 28761K, committed 30592K, reserved 1048576K
GC Heap History (10 events):
Event: 187.261 GC heap after
Heap after GC invocations=61 (full 7):
 PSYoungGen      total 940544K, used 56448K [0x0000000780000000, 0x00000007bfa80000, 0x00000007c0000000)
  eden space 836096K, 0% used [0x0000000780000000,0x0000000780000000,0x00000007b3080000)
  from space 104448K, 54% used [0x00000007b9480000,0x00000007bcba0010,0x00000007bfa80000)
  to   space 102400K, 0% used [0x00000007b3080000,0x00000007b3080000,0x00000007b9480000)
 ParOldGen       total 519168K, used 503738K [0x0000000700000000, 0x000000071fb00000, 0x0000000780000000)
  object space 519168K, 97% used [0x0000000700000000,0x000000071ebeea40,0x000000071fb00000)
 Metaspace       used 175758K, capacity 181641K, committed 185456K, reserved 1204224K
  class space    used 24950K, capacity 28764K, committed 30592K, reserved 1048576K
}
Event: 187.275 GC heap before
{Heap before GC invocations=62 (full 8):
 PSYoungGen      total 940544K, used 56448K [0x0000000780000000, 0x00000007bfa80000, 0x00000007c0000000)
  eden space 836096K, 0% used [0x0000000780000000,0x0000000780000000,0x00000007b3080000)
  from space 104448K, 54% used [0x00000007b9480000,0x00000007bcba0010,0x00000007bfa80000)
  to   space 102400K, 0% used [0x00000007b3080000,0x00000007b3080000,0x00000007b9480000)
 ParOldGen       total 519168K, used 503738K [0x0000000700000000, 0x000000071fb00000, 0x0000000780000000)
  object space 519168K, 97% used [0x0000000700000000,0x000000071ebeea40,0x000000071fb00000)
 Metaspace       used 175758K, capacity 181641K, committed 185456K, reserved 1204224K
  class space    used 24950K, capacity 28764K, committed 30592K, reserved 1048576K
Event: 188.677 GC heap after
Heap after GC invocations=62 (full 8):
 PSYoungGen      total 940544K, used 0K [0x0000000780000000, 0x00000007bfa80000, 0x00000007c0000000)
  eden space 836096K, 0% used [0x0000000780000000,0x0000000780000000,0x00000007b3080000)
  from space 104448K, 0% used [0x00000007b9480000,0x00000007b9480000,0x00000007bfa80000)
  to   space 102400K, 0% used [0x00000007b3080000,0x00000007b3080000,0x00000007b9480000)
 ParOldGen       total 477696K, used 211604K [0x0000000700000000, 0x000000071d280000, 0x0000000780000000)
  object space 477696K, 44% used [0x0000000700000000,0x000000070cea51b8,0x000000071d280000)
 Metaspace       used 175747K, capacity 181623K, committed 185456K, reserved 1204224K
  class space    used 24948K, capacity 28761K, committed 30592K, reserved 1048576K
}
Event: 195.865 GC heap before
{Heap before GC invocations=63 (full 8):
 PSYoungGen      total 940544K, used 836096K [0x0000000780000000, 0x00000007bfa80000, 0x00000007c0000000)
  eden space 836096K, 100% used [0x0000000780000000,0x00000007b3080000,0x00000007b3080000)
  from space 104448K, 0% used [0x00000007b9480000,0x00000007b9480000,0x00000007bfa80000)
  to   space 102400K, 0% used [0x00000007b3080000,0x00000007b3080000,0x00000007b9480000)
 ParOldGen       total 477696K, used 211604K [0x0000000700000000, 0x000000071d280000, 0x0000000780000000)
  object space 477696K, 44% used [0x0000000700000000,0x000000070cea51b8,0x000000071d280000)
 Metaspace       used 175753K, capacity 181623K, committed 185456K, reserved 1204224K
  class space    used 24948K, capacity 28761K, committed 30592K, reserved 1048576K
Event: 196.088 GC heap after
Heap after GC invocations=63 (full 8):
 PSYoungGen      total 938496K, used 102377K [0x0000000780000000, 0x00000007c0000000, 0x00000007c0000000)
  eden space 836096K, 0% used [0x0000000780000000,0x0000000780000000,0x00000007b3080000)
  from space 102400K, 99% used [0x00000007b3080000,0x00000007b947a7c8,0x00000007b9480000)
  to   space 110080K, 0% used [0x00000007b9480000,0x00000007b9480000,0x00000007c0000000)
 ParOldGen       total 477696K, used 300716K [0x0000000700000000, 0x000000071d280000, 0x0000000780000000)
  object space 477696K, 62% used [0x0000000700000000,0x00000007125ab1b8,0x000000071d280000)
 Metaspace       used 175753K, capacity 181623K, committed 185456K, reserved 1204224K
  class space    used 24948K, capacity 28761K, committed 30592K, reserved 1048576K
}
Event: 209.740 GC heap before
{Heap before GC invocations=64 (full 8):
 PSYoungGen      total 938496K, used 938418K [0x0000000780000000, 0x00000007c0000000, 0x00000007c0000000)
  eden space 836096K, 99% used [0x0000000780000000,0x00000007b3072198,0x00000007b3080000)
  from space 102400K, 99% used [0x00000007b3080000,0x00000007b947a7c8,0x00000007b9480000)
  to   space 110080K, 0% used [0x00000007b9480000,0x00000007b9480000,0x00000007c0000000)
 ParOldGen       total 477696K, used 300716K [0x0000000700000000, 0x000000071d280000, 0x0000000780000000)
  object space 477696K, 62% used [0x0000000700000000,0x00000007125ab1b8,0x000000071d280000)
 Metaspace       used 175767K, capacity 181629K, committed 185456K, reserved 1204224K
  class space    used 24949K, capacity 28762K, committed 30592K, reserved 1048576K
Event: 209.813 GC heap after
Heap after GC invocations=64 (full 8):
 PSYoungGen      total 855552K, used 560K [0x0000000780000000, 0x00000007c0000000, 0x00000007c0000000)
  eden space 745472K, 0% used [0x0000000780000000,0x0000000780000000,0x00000007ad800000)
  from space 110080K, 0% used [0x00000007b9480000,0x00000007b950c020,0x00000007c0000000)
  to   space 151552K, 0% used [0x00000007ad800000,0x00000007ad800000,0x00000007b6c00000)
 ParOldGen       total 477696K, used 325692K [0x0000000700000000, 0x000000071d280000, 0x0000000780000000)
  object space 477696K, 68% used [0x0000000700000000,0x0000000713e0f1e8,0x000000071d280000)
 Metaspace       used 175767K, capacity 181629K, committed 185456K, reserved 1204224K
  class space    used 24949K, capacity 28762K, committed 30592K, reserved 1048576K
}
Event: 213.241 GC heap before
{Heap before GC invocations=65 (full 8):
 PSYoungGen      total 855552K, used 746032K [0x0000000780000000, 0x00000007c0000000, 0x00000007c0000000)
  eden space 745472K, 100% used [0x0000000780000000,0x00000007ad800000,0x00000007ad800000)
  from space 110080K, 0% used [0x00000007b9480000,0x00000007b950c020,0x00000007c0000000)
  to   space 151552K, 0% used [0x00000007ad800000,0x00000007ad800000,0x00000007b6c00000)
 ParOldGen       total 477696K, used 325692K [0x0000000700000000, 0x000000071d280000, 0x0000000780000000)
  object space 477696K, 68% used [0x0000000700000000,0x0000000713e0f1e8,0x000000071d280000)
 Metaspace       used 175771K, capacity 181693K, committed 185456K, reserved 1204224K
  class space    used 24949K, capacity 28762K, committed 30592K, reserved 1048576K
Event: 213.596 GC heap after
Heap after GC invocations=65 (full 8):
 PSYoungGen      total 897024K, used 151548K [0x0000000780000000, 0x00000007c0000000, 0x00000007c0000000)
  eden space 745472K, 0% used [0x0000000780000000,0x0000000780000000,0x00000007ad800000)
  from space 151552K, 99% used [0x00000007ad800000,0x00000007b6bff310,0x00000007b6c00000)
  to   space 151552K, 0% used [0x00000007b6c00000,0x00000007b6c00000,0x00000007c0000000)
 ParOldGen       total 477696K, used 443170K [0x0000000700000000, 0x000000071d280000, 0x0000000780000000)
  object space 477696K, 92% used [0x0000000700000000,0x000000071b0c8be0,0x000000071d280000)
 Metaspace       used 175771K, capacity 181693K, committed 185456K, reserved 1204224K
  class space    used 24949K, capacity 28762K, committed 30592K, reserved 1048576K
}
Event: 213.596 GC heap before
{Heap before GC invocations=66 (full 9):
 PSYoungGen      total 897024K, used 151548K [0x0000000780000000, 0x00000007c0000000, 0x00000007c0000000)
  eden space 745472K, 0% used [0x0000000780000000,0x0000000780000000,0x00000007ad800000)
  from space 151552K, 99% used [0x00000007ad800000,0x00000007b6bff310,0x00000007b6c00000)
  to   space 151552K, 0% used [0x00000007b6c00000,0x00000007b6c00000,0x00000007c0000000)
 ParOldGen       total 477696K, used 443170K [0x0000000700000000, 0x000000071d280000, 0x0000000780000000)
  object space 477696K, 92% used [0x0000000700000000,0x000000071b0c8be0,0x000000071d280000)
 Metaspace       used 175771K, capacity 181693K, committed 185456K, reserved 1204224K
  class space    used 24949K, capacity 28762K, committed 30592K, reserved 1048576K

